#
# A fatal error has been detected by the Java Runtime Environment:
#
#  EXCEPTION_ACCESS_VIOLATION (0xc0000005) at pc=0x00007ffe16ee439a, pid=5052, tid=4680
#
# JRE version: Java(TM) SE Runtime Environment (13.0.1+9) (build 13.0.1+9)
# Java VM: Java HotSpot(TM) 64-Bit Server VM (13.0.1+9, mixed mode, sharing, tiered, compressed oops, g1 gc, windows-amd64)
# Problematic frame:
# V  [jvm.dll+0x2e439a]
#
# No core dump will be written. Minidumps are not enabled by default on client versions of Windows
#
# If you would like to submit a bug report, please visit:
#   http://bugreport.java.com/bugreport/crash.jsp
#

---------------  S U M M A R Y ------------

Command Line: -Dapplication.home=C:\Program Files\Java\jdk-13.0.1 --add-modules=ALL-DEFAULT -Xms8m -Djdk.module.main=jdk.compiler jdk.compiler/com.sun.tools.javac.Main Hello.java

Host: Intel(R) Core(TM) i5-8600K CPU @ 3.60GHz, 2 cores, 7G,  Windows 10 , 64 bit Build 18362 (10.0.18362.86)
Time: Tue Nov 26 09:07:13 2019 Pacific Standard Time elapsed time: 0 seconds (0d 0h 0m 0s)

---------------  T H R E A D  ---------------

Current thread (0x00000210e7095800):  GCTaskThread "GC Thread#1" [stack: 0x000000ecb0300000,0x000000ecb0400000] [id=4680]

Stack: [0x000000ecb0300000,0x000000ecb0400000],  sp=0x000000ecb03ff340,  free space=1020k
Native frames: (J=compiled Java code, j=interpreted, Vv=VM code, C=native code)
V  [jvm.dll+0x2e439a]
V  [jvm.dll+0x2e68fc]
V  [jvm.dll+0x2e6bf7]
V  [jvm.dll+0x2e6d37]
V  [jvm.dll+0x2ebc97]
V  [jvm.dll+0x79f760]
V  [jvm.dll+0x731c0a]
V  [jvm.dll+0x6260c6]
C  [ucrtbase.dll+0x1d9f2]
C  [KERNEL32.DLL+0x17bd4]
C  [ntdll.dll+0x6ce71]


siginfo: EXCEPTION_ACCESS_VIOLATION (0xc0000005), reading address 0x0000000000000010


Register to memory mapping:

RIP=0x00007ffe16ee439a jvm.dll
RAX=0x0 is NULL
RBX=0x00000000800358cc is pointing into object: java.lang.module.ModuleDescriptor 
{0x0000000080035890} - klass: 'java/lang/module/ModuleDescriptor'
RCX=0x0000000000000014 is an unknown value
RDX=0x0 is NULL
RSP=0x000000ecb03ff340 points into unknown readable memory: 03 00 00 00 00 00 00 00
RBP=0x000000ecb03ff3c8 points into unknown readable memory: 00 00 00 00 00 00 00 00
RSI=0x0 is NULL
RDI=0x00000210e71d42b0 points into unknown readable memory: 58 f8 47 17 fe 7f 00 00
R8 =0x0000000000000010 is an unknown value
R9 =0x00000210c8236b80 points into unknown readable memory: 66 00 00 00 00 00 00 00
R10=0x000000ecb03ff410 points into unknown readable memory: cd 58 03 80 00 00 00 00
R11=0x0000000080648688 is an oop: [Ljava.util.WeakHashMap$Entry; 
{0x0000000080648688} - klass: 'java/util/WeakHashMap$Entry'[]
 - length: 16
R12=0x00000210e6c6fc00 points into unknown readable memory: 59 00 00 00 04 00 00 00
R13=0x0000000000000003 is an unknown value
R14=0x00000210e71d42b0 points into unknown readable memory: 58 f8 47 17 fe 7f 00 00
R15=0x000000ecb03ff450 points into unknown readable memory: 08 96 47 17 fe 7f 00 00


Registers:
RAX=0x0000000000000000, RBX=0x00000000800358cc, RCX=0x0000000000000014, RDX=0x0000000000000000
RSP=0x000000ecb03ff340, RBP=0x000000ecb03ff3c8, RSI=0x0000000000000000, RDI=0x00000210e71d42b0
R8 =0x0000000000000010, R9 =0x00000210c8236b80, R10=0x000000ecb03ff410, R11=0x0000000080648688
R12=0x00000210e6c6fc00, R13=0x0000000000000003, R14=0x00000210e71d42b0, R15=0x000000ecb03ff450
RIP=0x00007ffe16ee439a, EFLAGS=0x0000000000010246

Top of Stack: (sp=0x000000ecb03ff340)
0x000000ecb03ff340:   0000000000000003 00000210e6c6fc00
0x000000ecb03ff350:   0000000000000000 0000000000000000
0x000000ecb03ff360:   0000000000000000 00007ffe16ee68fc
0x000000ecb03ff370:   00000210c822c060 00000210c822c060
0x000000ecb03ff380:   0000000000000000 0000000080648735
0x000000ecb03ff390:   0000000000000000 0000000000000000
0x000000ecb03ff3a0:   00000210e71d4200 00007ffe17220d6f
0x000000ecb03ff3b0:   000000ecb03ff440 00000210e71d42b0
0x000000ecb03ff3c0:   0000000000000002 0000000000000000
0x000000ecb03ff3d0:   00000210c82333d0 00000000000003d8
0x000000ecb03ff3e0:   00000210e6c6fc78 00000210e71d42b0
0x000000ecb03ff3f0:   0000000000000015 000000ecaf8ff2e0
0x000000ecb03ff400:   0000000000000000 00007ffe16ee6bf7
0x000000ecb03ff410:   00000000800358cd 0000000000000011
0x000000ecb03ff420:   0000000000000000 0000000000000000
0x000000ecb03ff430:   0000000000000000 0000000000000000 

Instructions: (pc=0x00007ffe16ee439a)
0x00007ffe16ee429a:   00 00 00 e8 4e dd 02 00 48 8b 4c 24 38 4c 8b cf
0x00007ffe16ee42aa:   48 89 4c 24 28 4c 8b c5 48 8b 4c 24 30 48 8b d6
0x00007ffe16ee42ba:   48 89 4c 24 20 48 8b d8 49 8b ce e8 86 80 33 00
0x00007ffe16ee42ca:   4c 8d 9c 24 90 00 00 00 48 8b c3 49 8b 5b 10 49
0x00007ffe16ee42da:   8b 6b 18 49 8b 73 20 49 8b 7b 28 49 8b e3 41 5e
0x00007ffe16ee42ea:   c3 cc cc cc cc cc 48 8b 81 10 01 00 00 48 2b c2
0x00007ffe16ee42fa:   48 89 81 10 01 00 00 c3 cc cc cc cc cc cc cc cc
0x00007ffe16ee430a:   cc cc cc cc cc cc 80 3d 01 84 7b 00 00 74 08 48
0x00007ffe16ee431a:   8b ca e9 5f 0f 3d 00 c3 cc cc cc cc cc cc cc cc
0x00007ffe16ee432a:   cc cc cc cc cc cc 66 c7 02 00 ff 48 8b c2 c3 cc
0x00007ffe16ee433a:   cc cc cc cc cc cc 48 89 5c 24 08 57 48 83 ec 20
0x00007ffe16ee434a:   48 8b da 48 8b f9 f6 c2 01 0f 84 00 01 00 00 8b
0x00007ffe16ee435a:   0d 71 7b 71 00 48 83 e3 fe 48 8b 47 08 44 8b 03
0x00007ffe16ee436a:   49 d3 e0 8b 88 60 04 00 00 48 8b 80 50 04 00 00
0x00007ffe16ee437a:   4c 03 05 47 7b 71 00 49 8b d0 48 d3 ea 0f b7 14
0x00007ffe16ee438a:   50 0f b7 c2 66 c1 e8 08 84 c0 0f 88 a3 01 00 00
0x00007ffe16ee439a:   4d 8b 08 41 0f b6 c1 24 03 3c 03 75 1e 80 3d ac
0x00007ffe16ee43aa:   90 71 00 00 74 0f 41 0f b6 c1 24 07 3c 05 75 05
0x00007ffe16ee43ba:   45 33 c9 eb 11 49 83 e1 fc eb 0b 48 8b cf e8 33
0x00007ffe16ee43ca:   96 02 00 4c 8b c8 8b 0d fa 7a 71 00 49 8b c1 48
0x00007ffe16ee43da:   2b 05 e8 7a 71 00 48 d3 e8 89 03 49 8b c1 8b 0d
0x00007ffe16ee43ea:   9a e1 79 00 48 33 c3 48 d3 e8 48 85 c0 0f 84 40
0x00007ffe16ee43fa:   01 00 00 48 8b 47 08 48 8b d3 48 8b 80 f8 00 00
0x00007ffe16ee440a:   00 8b 48 68 48 8b 40 58 48 d3 ea 48 8b 0c d0 8b
0x00007ffe16ee441a:   81 04 01 00 00 d1 e8 a8 01 0f 85 14 01 00 00 48
0x00007ffe16ee442a:   8b 47 08 49 8b d1 4c 8b c3 8b 88 60 04 00 00 48
0x00007ffe16ee443a:   8b 80 50 04 00 00 48 d3 ea 48 8b cf 0f b7 14 50
0x00007ffe16ee444a:   48 8b 5c 24 30 48 83 c4 20 5f e9 67 b7 ff ff 0f
0x00007ffe16ee445a:   b6 c3 d0 e8 a8 01 0f 85 d2 00 00 00 4c 8b 02 48
0x00007ffe16ee446a:   8b 41 08 49 8b d0 8b 88 60 04 00 00 48 8b 80 50
0x00007ffe16ee447a:   04 00 00 48 d3 ea 0f b7 14 50 0f b7 c2 66 c1 e8
0x00007ffe16ee448a:   08 84 c0 0f 88 aa 00 00 00 4d 8b 08 41 0f b6 c1 


Stack slot to memory mapping:
stack at sp + 0 slots: 0x0000000000000003 is an unknown value
stack at sp + 1 slots: 0x00000210e6c6fc00 points into unknown readable memory: 59 00 00 00 04 00 00 00
stack at sp + 2 slots: 0x0 is NULL
stack at sp + 3 slots: 0x0 is NULL
stack at sp + 4 slots: 0x0 is NULL
stack at sp + 5 slots: 0x00007ffe16ee68fc jvm.dll
stack at sp + 6 slots: 0x00000210c822c060 points into unknown readable memory: 30 96 47 17 fe 7f 00 00
stack at sp + 7 slots: 0x00000210c822c060 points into unknown readable memory: 30 96 47 17 fe 7f 00 00


---------------  P R O C E S S  ---------------

Threads class SMR info:
_java_thread_list=0x00000210e6ea4690, length=10, elements={
0x00000210c617c000, 0x00000210e6c3e000, 0x00000210e6c44000, 0x00000210e6c5b800,
0x00000210e6c5f000, 0x00000210e6c60000, 0x00000210e6c64800, 0x00000210e6c81000,
0x00000210e6e83000, 0x00000210e6ef2800
}

Java Threads: ( => current thread )
  0x00000210c617c000 JavaThread "main" [_thread_blocked, id=6040, stack(0x000000ecaf200000,0x000000ecaf300000)]
  0x00000210e6c3e000 JavaThread "Reference Handler" daemon [_thread_blocked, id=3672, stack(0x000000ecaf900000,0x000000ecafa00000)]
  0x00000210e6c44000 JavaThread "Finalizer" daemon [_thread_blocked, id=6592, stack(0x000000ecafa00000,0x000000ecafb00000)]
  0x00000210e6c5b800 JavaThread "Signal Dispatcher" daemon [_thread_blocked, id=4092, stack(0x000000ecafb00000,0x000000ecafc00000)]
  0x00000210e6c5f000 JavaThread "Attach Listener" daemon [_thread_blocked, id=2064, stack(0x000000ecafc00000,0x000000ecafd00000)]
  0x00000210e6c60000 JavaThread "C2 CompilerThread0" daemon [_thread_blocked, id=3608, stack(0x000000ecafd00000,0x000000ecafe00000)]
  0x00000210e6c64800 JavaThread "C1 CompilerThread0" daemon [_thread_blocked, id=2676, stack(0x000000ecafe00000,0x000000ecaff00000)]
  0x00000210e6c81000 JavaThread "Sweeper thread" daemon [_thread_blocked, id=6468, stack(0x000000ecaff00000,0x000000ecb0000000)]
  0x00000210e6e83000 JavaThread "Common-Cleaner" daemon [_thread_blocked, id=3720, stack(0x000000ecb0000000,0x000000ecb0100000)]
  0x00000210e6ef2800 JavaThread "Service Thread" daemon [_thread_blocked, id=2596, stack(0x000000ecb0100000,0x000000ecb0200000)]

Other Threads:
  0x00000210c82ed800 VMThread "VM Thread" [stack: 0x000000ecaf800000,0x000000ecaf900000] [id=5860]
  0x00000210e6ecf000 WatcherThread [stack: 0x000000ecb0200000,0x000000ecb0300000] [id=1532]
  0x00000210c825f800 GCTaskThread "GC Thread#0" [stack: 0x000000ecaf300000,0x000000ecaf400000] [id=3028]
=>0x00000210e7095800 GCTaskThread "GC Thread#1" [stack: 0x000000ecb0300000,0x000000ecb0400000] [id=4680]
  0x00000210c8271800 ConcurrentGCThread "G1 Main Marker" [stack: 0x000000ecaf400000,0x000000ecaf500000] [id=2664]
  0x00000210c8272800 ConcurrentGCThread "G1 Conc#0" [stack: 0x000000ecaf500000,0x000000ecaf600000] [id=3444]
  0x00000210c8285000 ConcurrentGCThread "G1 Refine#0" [stack: 0x000000ecaf600000,0x000000ecaf700000] [id=2108]
  0x00000210c8288000 ConcurrentGCThread "G1 Young RemSet Sampling" [stack: 0x000000ecaf700000,0x000000ecaf800000] [id=3424]

Threads with active compile tasks:
C1 CompilerThread0      233  496       3       jdk.internal.org.objectweb.asm.ByteVector::put122 (93 bytes)

VM state:at safepoint (normal execution)

VM Mutex/Monitor currently owned by a thread:  ([mutex/lock_event])
[0x00000210c821f3d0] Threads_lock - owner thread: 0x00000210c82ed800
[0x00000210c821f6a0] Heap_lock - owner thread: 0x00000210c617c000

Heap address: 0x0000000080000000, size: 2048 MB, Compressed Oops mode: 32-bit
Narrow klass base: 0x0000000800000000, Narrow klass shift: 3
Compressed class space size: 1073741824 Address: 0x0000000800b40000

Heap:
 garbage-first heap   total 8192K, used 2402K [0x0000000080000000, 0x0000000100000000)
  region size 1024K, 2 young (2048K), 1 survivors (1024K)
 Metaspace       used 4532K, capacity 8298K, committed 8448K, reserved 1056768K
  class space    used 580K, capacity 943K, committed 1024K, reserved 1048576K
Heap Regions: E=young(eden), S=young(survivor), O=old, HS=humongous(starts), HC=humongous(continues), CS=collection set, F=free, A=archive, TAMS=top-at-mark-start (previous, next)
|   0|0x0000000080000000, 0x0000000080100000, 0x0000000080100000|100%| O|  |TAMS 0x0000000080000000, 0x0000000080000000| Untracked 
|   1|0x0000000080100000, 0x000000008015a388, 0x0000000080200000| 35%| O|  |TAMS 0x0000000080100000, 0x0000000080100000| Untracked 
|   2|0x0000000080200000, 0x0000000080200000, 0x0000000080300000|  0%| F|  |TAMS 0x0000000080200000, 0x0000000080200000| Untracked 
|   3|0x0000000080300000, 0x0000000080300000, 0x0000000080400000|  0%| F|  |TAMS 0x0000000080300000, 0x0000000080300000| Untracked 
|   4|0x0000000080400000, 0x0000000080500000, 0x0000000080500000|100%| E|CS|TAMS 0x0000000080400000, 0x0000000080400000| Complete 
|   5|0x0000000080500000, 0x0000000080500000, 0x0000000080600000|  0%| F|  |TAMS 0x0000000080500000, 0x0000000080500000| Untracked 
|   6|0x0000000080600000, 0x00000000806530c0, 0x0000000080700000| 32%| S|  |TAMS 0x0000000080600000, 0x0000000080600000| Complete 
|   7|0x0000000080700000, 0x0000000080800000, 0x0000000080800000|100%| E|CS|TAMS 0x0000000080700000, 0x0000000080700000| Complete 

Card table byte_map: [0x00000210dfb20000,0x00000210dff20000] _byte_map_base: 0x00000210df720000

Marking Bits (Prev, Next): (CMBitMap*) 0x00000210c8260848, (CMBitMap*) 0x00000210c8260888
 Prev Bits: [0x00000210e0320000, 0x00000210e2320000)
 Next Bits: [0x00000210e2320000, 0x00000210e4320000)

Polling page: 0x00000210c6000000

Metaspace:

Usage:
  Non-class:      7.18 MB capacity,     3.86 MB ( 54%) used,     3.31 MB ( 46%) free+waste,     9.88 KB ( <1%) overhead. 
      Class:    943.00 KB capacity,   580.21 KB ( 62%) used,   357.35 KB ( 38%) free+waste,     5.44 KB ( <1%) overhead. 
       Both:      8.10 MB capacity,     4.43 MB ( 55%) used,     3.66 MB ( 45%) free+waste,    15.31 KB ( <1%) overhead. 

Virtual space:
  Non-class space:        8.00 MB reserved,       7.25 MB ( 91%) committed 
      Class space:        1.00 GB reserved,       1.00 MB ( <1%) committed 
             Both:        1.01 GB reserved,       8.25 MB ( <1%) committed 

Chunk freelists:
   Non-Class:  5.00 KB
       Class:  17.00 KB
        Both:  22.00 KB

MaxMetaspaceSize: 17179869184.00 GB
CompressedClassSpaceSize: 1.00 GB

CodeHeap 'non-profiled nmethods': size=120064Kb used=170Kb max_used=170Kb free=119893Kb
 bounds [0x00000210d81e0000, 0x00000210d8450000, 0x00000210df720000]
CodeHeap 'profiled nmethods': size=120000Kb used=775Kb max_used=775Kb free=119224Kb
 bounds [0x00000210d0cb0000, 0x00000210d0f20000, 0x00000210d81e0000]
CodeHeap 'non-nmethods': size=5696Kb used=1131Kb max_used=1144Kb free=4564Kb
 bounds [0x00000210d0720000, 0x00000210d0990000, 0x00000210d0cb0000]
 total_blobs=1235 nmethods=496 adapters=280
 compilation: enabled
              stopped_count=0, restarted_count=0
 full_count=0

Compilation events (20 events):
Event: 0.189 Thread 0x00000210e6c64800  486       3       java.util.Vector::add (23 bytes)
Event: 0.189 Thread 0x00000210e6c64800 nmethod 486 0x00000210d0d68310 code [0x00000210d0d684e0, 0x00000210d0d68930]
Event: 0.189 Thread 0x00000210e6c64800  487       3       jdk.internal.module.SystemModuleFinders$SystemModuleReader::release (10 bytes)
Event: 0.189 Thread 0x00000210e6c64800 nmethod 487 0x00000210d0d68b10 code [0x00000210d0d68d00, 0x00000210d0d69200]
Event: 0.192 Thread 0x00000210e6c60000 nmethod 478 0x00000210d8209610 code [0x00000210d82097c0, 0x00000210d8209df8]
Event: 0.193 Thread 0x00000210e6c64800  488       1       jdk.internal.org.objectweb.asm.MethodWriter::hasAsmInstructions (5 bytes)
Event: 0.193 Thread 0x00000210e6c64800 nmethod 488 0x00000210d820a190 code [0x00000210d820a320, 0x00000210d820a458]
Event: 0.193 Thread 0x00000210e6c64800  489       3       jdk.internal.org.objectweb.asm.Handler::getExceptionTableSize (10 bytes)
Event: 0.193 Thread 0x00000210e6c64800 nmethod 489 0x00000210d0d69390 code [0x00000210d0d69540, 0x00000210d0d69798]
Event: 0.193 Thread 0x00000210e6c64800  490       3       java.lang.reflect.Modifier::isPublic (12 bytes)
Event: 0.193 Thread 0x00000210e6c64800 nmethod 490 0x00000210d0d69890 code [0x00000210d0d69a40, 0x00000210d0d69bd8]
Event: 0.193 Thread 0x00000210e6c64800  491       3       java.lang.ClassLoader::getNamedPackage (73 bytes)
Event: 0.194 Thread 0x00000210e6c64800 nmethod 491 0x00000210d0d69c90 code [0x00000210d0d69e80, 0x00000210d0d6a470]
Event: 0.194 Thread 0x00000210e6c64800  492       3       sun.net.util.URLUtil::urlNoFragString (114 bytes)
Event: 0.195 Thread 0x00000210e6c64800 nmethod 492 0x00000210d0d6a690 code [0x00000210d0d6a9e0, 0x00000210d0d6bcd0]
Event: 0.195 Thread 0x00000210e6c64800  493       3       java.lang.ClassLoader::preDefineClass (119 bytes)
Event: 0.196 Thread 0x00000210e6c64800 nmethod 493 0x00000210d0d6c310 code [0x00000210d0d6c6e0, 0x00000210d0d6de60]
Event: 0.196 Thread 0x00000210e6c64800  494       3       java.net.URLStreamHandler::toExternalForm (156 bytes)
Event: 0.197 Thread 0x00000210e6c64800 nmethod 494 0x00000210d0d6e690 code [0x00000210d0d6eb40, 0x00000210d0d70c00]
Event: 0.203 Thread 0x00000210e6c64800  496       3       jdk.internal.org.objectweb.asm.ByteVector::put122 (93 bytes)

GC Heap History (3 events):
Event: 0.143 GC heap before
{Heap before GC invocations=0 (full 0):
 garbage-first heap   total 8192K, used 3072K [0x0000000080000000, 0x0000000100000000)
  region size 1024K, 3 young (3072K), 0 survivors (0K)
 Metaspace       used 2336K, capacity 6127K, committed 6400K, reserved 1056768K
  class space    used 286K, capacity 645K, committed 768K, reserved 1048576K
}
Event: 0.145 GC heap after
{Heap after GC invocations=1 (full 0):
 garbage-first heap   total 8192K, used 1378K [0x0000000080000000, 0x0000000100000000)
  region size 1024K, 1 young (1024K), 1 survivors (1024K)
 Metaspace       used 2336K, capacity 6127K, committed 6400K, reserved 1056768K
  class space    used 286K, capacity 645K, committed 768K, reserved 1048576K
}
Event: 0.204 GC heap before
{Heap before GC invocations=1 (full 0):
 garbage-first heap   total 8192K, used 2402K [0x0000000080000000, 0x0000000100000000)
  region size 1024K, 2 young (2048K), 1 survivors (1024K)
 Metaspace       used 4532K, capacity 8298K, committed 8448K, reserved 1056768K
  class space    used 580K, capacity 943K, committed 1024K, reserved 1048576K
}

Deoptimization events (16 events):
Event: 0.082 Thread 0x00000210c617c000 Uncommon trap: trap_request=0xffffffde fr.pc=0x00000210d81eea30 relative=0x00000000000007b0
Event: 0.082 Thread 0x00000210c617c000 Uncommon trap: reason=class_check action=maybe_recompile pc=0x00000210d81eea30 method=java.util.HashMap.putVal(ILjava/lang/Object;Ljava/lang/Object;ZZ)Ljava/lang/Object; @ 152 c2
Event: 0.082 Thread 0x00000210c617c000 DEOPT PACKING pc=0x00000210d81eea30 sp=0x000000ecaf2fd700
Event: 0.082 Thread 0x00000210c617c000 DEOPT UNPACKING pc=0x00000210d076912f sp=0x000000ecaf2fd680 mode 2
Event: 0.083 Thread 0x00000210c617c000 Uncommon trap: trap_request=0xffffffde fr.pc=0x00000210d81eea30 relative=0x00000000000007b0
Event: 0.083 Thread 0x00000210c617c000 Uncommon trap: reason=class_check action=maybe_recompile pc=0x00000210d81eea30 method=java.util.HashMap.putVal(ILjava/lang/Object;Ljava/lang/Object;ZZ)Ljava/lang/Object; @ 152 c2
Event: 0.083 Thread 0x00000210c617c000 DEOPT PACKING pc=0x00000210d81eea30 sp=0x000000ecaf2fd810
Event: 0.083 Thread 0x00000210c617c000 DEOPT UNPACKING pc=0x00000210d076912f sp=0x000000ecaf2fd790 mode 2
Event: 0.083 Thread 0x00000210c617c000 Uncommon trap: trap_request=0xffffffde fr.pc=0x00000210d81eea30 relative=0x00000000000007b0
Event: 0.083 Thread 0x00000210c617c000 Uncommon trap: reason=class_check action=maybe_recompile pc=0x00000210d81eea30 method=java.util.HashMap.putVal(ILjava/lang/Object;Ljava/lang/Object;ZZ)Ljava/lang/Object; @ 152 c2
Event: 0.083 Thread 0x00000210c617c000 DEOPT PACKING pc=0x00000210d81eea30 sp=0x000000ecaf2fd810
Event: 0.083 Thread 0x00000210c617c000 DEOPT UNPACKING pc=0x00000210d076912f sp=0x000000ecaf2fd790 mode 2
Event: 0.083 Thread 0x00000210c617c000 Uncommon trap: trap_request=0xffffffde fr.pc=0x00000210d81eea30 relative=0x00000000000007b0
Event: 0.083 Thread 0x00000210c617c000 Uncommon trap: reason=class_check action=maybe_recompile pc=0x00000210d81eea30 method=java.util.HashMap.putVal(ILjava/lang/Object;Ljava/lang/Object;ZZ)Ljava/lang/Object; @ 152 c2
Event: 0.083 Thread 0x00000210c617c000 DEOPT PACKING pc=0x00000210d81eea30 sp=0x000000ecaf2fd810
Event: 0.083 Thread 0x00000210c617c000 DEOPT UNPACKING pc=0x00000210d076912f sp=0x000000ecaf2fd790 mode 2

Classes unloaded (0 events):
No events

Classes redefined (0 events):
No events

Internal exceptions (2 events):
Event: 0.124 Thread 0x00000210c617c000 Exception <a 'java/lang/NoSuchMethodError'{0x000000008055c110}: 'int java.lang.invoke.DirectMethodHandle$Holder.invokeVirtual(java.lang.Object, java.lang.Object, java.lang.Object)'> (0x000000008055c110) 
thrown [t:/workspace/open/src/hotspot/share/interpreter/linkResolver.cpp, line 767]
Event: 0.179 Thread 0x00000210c617c000 Exception <a 'java/lang/NoSuchMethodError'{0x00000000807a8ec8}: 'int java.lang.invoke.DirectMethodHandle$Holder.invokeStaticInit(java.lang.Object, java.lang.Object)'> (0x00000000807a8ec8) 
thrown [t:/workspace/open/src/hotspot/share/interpreter/linkResolver.cpp, line 767]

Events (20 events):
Event: 0.192 loading class com/sun/tools/javac/comp/Resolve$RecoveryLoadClass done
Event: 0.192 loading class com/sun/tools/javac/comp/Env
Event: 0.192 loading class com/sun/tools/javac/comp/Env done
Event: 0.192 loading class com/sun/tools/javac/comp/Env
Event: 0.192 loading class com/sun/tools/javac/comp/Env done
Event: 0.193 loading class com/sun/tools/javac/comp/Resolve
Event: 0.193 loading class com/sun/tools/javac/comp/Resolve done
Event: 0.193 loading class com/sun/tools/javac/comp/Env
Event: 0.193 loading class com/sun/tools/javac/comp/Env done
Event: 0.193 loading class com/sun/tools/javac/comp/Resolve
Event: 0.193 loading class com/sun/tools/javac/comp/Resolve done
Event: 0.193 loading class com/sun/tools/javac/comp/Env
Event: 0.193 loading class com/sun/tools/javac/comp/Env done
Event: 0.203 loading class java/util/function/BiPredicate
Event: 0.203 loading class java/util/function/BiPredicate done
Event: 0.203 loading class com/sun/tools/javac/code/Type
Event: 0.203 loading class com/sun/tools/javac/code/Type done
Event: 0.203 loading class com/sun/tools/javac/code/Type
Event: 0.203 loading class com/sun/tools/javac/code/Type done
Event: 0.204 Executing VM operation: G1CollectForAllocation


Dynamic libraries:
0x00007ff738ca0000 - 0x00007ff738ca7000 	C:\Program Files\Java\jdk-13.0.1\bin\javac.exe
0x00007ffe58600000 - 0x00007ffe587f0000 	C:\Windows\SYSTEM32\ntdll.dll
0x00007ffe582a0000 - 0x00007ffe58352000 	C:\Windows\System32\KERNEL32.DLL
0x00007ffe56240000 - 0x00007ffe564e3000 	C:\Windows\System32\KERNELBASE.dll
0x00007ffe55950000 - 0x00007ffe55a4a000 	C:\Windows\System32\ucrtbase.dll
0x00007ffe475f0000 - 0x00007ffe47608000 	C:\Program Files\Java\jdk-13.0.1\bin\jli.dll
0x00007ffe580d0000 - 0x00007ffe58173000 	C:\Windows\System32\ADVAPI32.dll
0x00007ffe475d0000 - 0x00007ffe475e5000 	C:\Program Files\Java\jdk-13.0.1\bin\VCRUNTIME140.dll
0x00007ffe569f0000 - 0x00007ffe56a8e000 	C:\Windows\System32\msvcrt.dll
0x00007ffe57610000 - 0x00007ffe576a7000 	C:\Windows\System32\sechost.dll
0x00007ffe58180000 - 0x00007ffe582a0000 	C:\Windows\System32\RPCRT4.dll
0x00007ffe56720000 - 0x00007ffe568b3000 	C:\Windows\System32\USER32.dll
0x00007ffe564f0000 - 0x00007ffe56511000 	C:\Windows\System32\win32u.dll
0x00007ffe56c50000 - 0x00007ffe56c76000 	C:\Windows\System32\GDI32.dll
0x00007ffe4a1b0000 - 0x00007ffe4a435000 	C:\Windows\WinSxS\amd64_microsoft.windows.common-controls_6595b64144ccf1df_6.0.18362.295_none_e6c3acbd13101292\COMCTL32.dll
0x00007ffe55630000 - 0x00007ffe557c4000 	C:\Windows\System32\gdi32full.dll
0x00007ffe57900000 - 0x00007ffe57c36000 	C:\Windows\System32\combase.dll
0x00007ffe55590000 - 0x00007ffe5562e000 	C:\Windows\System32\msvcp_win.dll
0x00007ffe565d0000 - 0x00007ffe56650000 	C:\Windows\System32\bcryptPrimitives.dll
0x00007ffe51230000 - 0x00007ffe5123a000 	C:\Windows\SYSTEM32\VERSION.dll
0x00007ffe58570000 - 0x00007ffe5859e000 	C:\Windows\System32\IMM32.DLL
0x00007ffe47530000 - 0x00007ffe475cb000 	C:\Program Files\Java\jdk-13.0.1\bin\msvcp140.dll
0x00007ffe16c00000 - 0x00007ffe17766000 	C:\Program Files\Java\jdk-13.0.1\bin\server\jvm.dll
0x00007ffe580b0000 - 0x00007ffe580b8000 	C:\Windows\System32\PSAPI.DLL
0x00007ffe51e60000 - 0x00007ffe51e69000 	C:\Windows\SYSTEM32\WSOCK32.dll
0x00007ffe53440000 - 0x00007ffe53464000 	C:\Windows\SYSTEM32\WINMM.dll
0x00007ffe56e00000 - 0x00007ffe56e6f000 	C:\Windows\System32\WS2_32.dll
0x00007ffe53410000 - 0x00007ffe5343d000 	C:\Windows\SYSTEM32\winmmbase.dll
0x00007ffe55a70000 - 0x00007ffe55aba000 	C:\Windows\System32\cfgmgr32.dll
0x00007ffe55550000 - 0x00007ffe55561000 	C:\Windows\System32\kernel.appcore.dll
0x00007ffe4d420000 - 0x00007ffe4d430000 	C:\Program Files\Java\jdk-13.0.1\bin\verify.dll
0x00007ffe4adc0000 - 0x00007ffe4afb4000 	C:\Windows\SYSTEM32\DBGHELP.DLL
0x00007ffe4ad90000 - 0x00007ffe4adba000 	C:\Windows\SYSTEM32\dbgcore.DLL
0x00007ffe47500000 - 0x00007ffe47526000 	C:\Program Files\Java\jdk-13.0.1\bin\java.dll
0x00007ffe474e0000 - 0x00007ffe474f7000 	C:\Program Files\Java\jdk-13.0.1\bin\zip.dll
0x00007ffe4d2e0000 - 0x00007ffe4d2ea000 	C:\Program Files\Java\jdk-13.0.1\bin\jimage.dll
0x00007ffe56f20000 - 0x00007ffe57602000 	C:\Windows\System32\SHELL32.dll
0x00007ffe56e70000 - 0x00007ffe56f19000 	C:\Windows\System32\shcore.dll
0x00007ffe55ac0000 - 0x00007ffe5623c000 	C:\Windows\System32\windows.storage.dll
0x00007ffe55570000 - 0x00007ffe5558f000 	C:\Windows\System32\profapi.dll
0x00007ffe554e0000 - 0x00007ffe5552a000 	C:\Windows\System32\powrprof.dll
0x00007ffe554d0000 - 0x00007ffe554e0000 	C:\Windows\System32\UMPDC.dll
0x00007ffe58510000 - 0x00007ffe58562000 	C:\Windows\System32\shlwapi.dll
0x00007ffe55a50000 - 0x00007ffe55a67000 	C:\Windows\System32\cryptsp.dll
0x00007ffe474c0000 - 0x00007ffe474d9000 	C:\Program Files\Java\jdk-13.0.1\bin\net.dll
0x00007ffe4e2e0000 - 0x00007ffe4e3d0000 	C:\Windows\SYSTEM32\WINHTTP.dll
0x00007ffe54ce0000 - 0x00007ffe54d47000 	C:\Windows\system32\mswsock.dll
0x00007ffe474a0000 - 0x00007ffe474b3000 	C:\Program Files\Java\jdk-13.0.1\bin\nio.dll

dbghelp: loaded successfully - version: 4.0.5 - missing functions: none
symbol engine: initialized successfully - sym options: 0x614 - pdb path: .;C:\Program Files\Java\jdk-13.0.1\bin;C:\Windows\SYSTEM32;C:\Windows\WinSxS\amd64_microsoft.windows.common-controls_6595b64144ccf1df_6.0.18362.295_none_e6c3acbd13101292;C:\Program Files\Java\jdk-13.0.1\bin\server

VM Arguments:
jvm_args: -Dapplication.home=C:\Program Files\Java\jdk-13.0.1 --add-modules=ALL-DEFAULT -Xms8m -Djdk.module.main=jdk.compiler 
java_command: jdk.compiler/com.sun.tools.javac.Main Hello.java
java_class_path (initial): <not set>
Launcher Type: SUN_STANDARD

[Global flags]
     intx CICompilerCount                          = 2                                         {product} {ergonomic}
     uint ConcGCThreads                            = 1                                         {product} {ergonomic}
     uint G1ConcRefinementThreads                  = 2                                         {product} {ergonomic}
   size_t G1HeapRegionSize                         = 1048576                                   {product} {ergonomic}
    uintx GCDrainStackTargetSize                   = 64                                        {product} {ergonomic}
   size_t InitialHeapSize                          = 8388608                                   {product} {command line}
   size_t MarkStackSize                            = 4194304                                   {product} {ergonomic}
   size_t MaxHeapSize                              = 2147483648                                {product} {ergonomic}
   size_t MaxNewSize                               = 1287651328                                {product} {ergonomic}
   size_t MinHeapDeltaBytes                        = 1048576                                   {product} {ergonomic}
   size_t MinHeapSize                              = 8388608                                   {product} {command line}
    uintx NonNMethodCodeHeapSize                   = 5825164                                {pd product} {ergonomic}
    uintx NonProfiledCodeHeapSize                  = 122916538                              {pd product} {ergonomic}
    uintx ProfiledCodeHeapSize                     = 122916538                              {pd product} {ergonomic}
    uintx ReservedCodeCacheSize                    = 251658240                              {pd product} {ergonomic}
     bool SegmentedCodeCache                       = true                                      {product} {ergonomic}
   size_t SoftMaxHeapSize                          = 2147483648                             {manageable} {ergonomic}
     bool UseCompressedClassPointers               = true                                 {lp64_product} {ergonomic}
     bool UseCompressedOops                        = true                                 {lp64_product} {ergonomic}
     bool UseG1GC                                  = true                                      {product} {ergonomic}
     bool UseLargePagesIndividualAllocation        = false                                  {pd product} {ergonomic}

Logging:
Log output configuration:
 #0: stdout all=warning uptime,level,tags
 #1: stderr all=off uptime,level,tags

Environment Variables:
JAVA_HOME=C:\Program Files\Java\jdk-13.0.1
PATH=C:\Program Files\Python38\Scripts\;C:\Program Files\Python38\;C:\Windows\system32;C:\Windows;C:\Windows\System32\Wbem;C:\Windows\System32\WindowsPowerShell\v1.0\;C:\Windows\System32\OpenSSH\;C:\Program Files\PuTTY\;C:\Program Files\Git\cmd;C:\Program Files (x86)\Gpg4win\..\GnuPG\bin;C:\Users\lb\AppData\Local\Microsoft\WindowsApps;C:\Users\lb\AppData\Local\atom\bin;C:\cygwin64\bin;C:\Program Files\Java\jdk-13.0.1\bin;
USERNAME=lb
OS=Windows_NT
PROCESSOR_IDENTIFIER=Intel64 Family 6 Model 158 Stepping 10, GenuineIntel



---------------  S Y S T E M  ---------------

OS: Windows 10 , 64 bit Build 18362 (10.0.18362.86)

CPU:total 2 (initial active 2) (2 cores per cpu, 1 threads per core) family 6 model 158 stepping 10, cmov, cx8, fxsr, mmx, sse, sse2, sse3, ssse3, sse4.1, sse4.2, popcnt, avx, avx2, aes, clmul, 3dnowpref, lzcnt, tsc, tscinvbit

Memory: 4k page, system-wide physical 8191M (5053M free)
TotalPageFile size 10111M (AvailPageFile size 7014M)
current process WorkingSet (physical memory assigned to process): 46M, peak: 46M
current process commit charge ("private bytes"): 83M, peak: 83M

vm_info: Java HotSpot(TM) 64-Bit Server VM (13.0.1+9) for windows-amd64 JRE (13.0.1+9), built on Oct  6 2019 12:37:49 by "mach5one" with unknown MS VC++:1916

END.
