#
# A fatal error has been detected by the Java Runtime Environment:
#
#  EXCEPTION_ACCESS_VIOLATION (0xc0000005) at pc=0x00007ffe16edf2b4, pid=912, tid=6508
#
# JRE version: Java(TM) SE Runtime Environment (13.0.1+9) (build 13.0.1+9)
# Java VM: Java HotSpot(TM) 64-Bit Server VM (13.0.1+9, mixed mode, sharing, tiered, compressed oops, g1 gc, windows-amd64)
# Problematic frame:
# V  [jvm.dll+0x2df2b4]
#
# No core dump will be written. Minidumps are not enabled by default on client versions of Windows
#
# If you would like to submit a bug report, please visit:
#   http://bugreport.java.com/bugreport/crash.jsp
#

---------------  S U M M A R Y ------------

Command Line: -Dapplication.home=C:\Program Files\Java\jdk-13.0.1 --add-modules=ALL-DEFAULT -Xms8m -Djdk.module.main=jdk.compiler jdk.compiler/com.sun.tools.javac.Main .\Hello.java

Host: Intel(R) Core(TM) i5-8600K CPU @ 3.60GHz, 2 cores, 7G,  Windows 10 , 64 bit Build 18362 (10.0.18362.86)
Time: Tue Nov 26 09:06:52 2019 Pacific Standard Time elapsed time: 0 seconds (0d 0h 0m 0s)

---------------  T H R E A D  ---------------

Current thread (0x000002abe420f000):  JavaThread "C1 CompilerThread0" daemon [_thread_in_vm, id=6508, stack(0x000000ae78500000,0x000000ae78600000)]


Current CompileTask:
C1:    313  540       3       jdk.internal.org.objectweb.asm.Frame::execute (2305 bytes)

Stack: [0x000000ae78500000,0x000000ae78600000],  sp=0x000000ae785fe300,  free space=1016k
Native frames: (J=compiled Java code, j=interpreted, Vv=VM code, C=native code)
V  [jvm.dll+0x2df2b4]
V  [jvm.dll+0x2df14e]
V  [jvm.dll+0x603fd3]
V  [jvm.dll+0x2eabaf]
V  [jvm.dll+0x600dcc]
V  [jvm.dll+0x603bb5]
V  [jvm.dll+0x1a9477]
V  [jvm.dll+0x12ba0d]
V  [jvm.dll+0x12abc7]
V  [jvm.dll+0x12cae7]
V  [jvm.dll+0x2159bd]
V  [jvm.dll+0x213e6b]
V  [jvm.dll+0x738b16]
V  [jvm.dll+0x731c0a]
V  [jvm.dll+0x6260c6]
C  [ucrtbase.dll+0x1d9f2]
C  [KERNEL32.DLL+0x17bd4]
C  [ntdll.dll+0x6ce71]


siginfo: EXCEPTION_ACCESS_VIOLATION (0xc0000005), reading address 0x000002bbe4696f90


Register to memory mapping:

RIP=0x00007ffe16edf2b4 jvm.dll
RAX=0x000002bbe4696f80 is an unknown value
RBX=0x000002abce323890 is at entry_point+-3440 in (nmethod*)0x000002abce323890
RCX=0x000002abe476ba50 points into unknown readable memory: 00 02 00 00 ff ff ff ff
RDX=0x00000000000000e1 is an unknown value
RSP=0x000000ae785fe300 is pointing into the stack for thread: 0x000002abe420f000
RBP=0x000000000000f000 is an unknown value
RSI=
[error occurred during error reporting (printing register info), id 0xc0000005, EXCEPTION_ACCESS_VIOLATION (0xc0000005) at pc=0x00007ffe16ee874f]

Registers:
RAX=0x000002bbe4696f80, RBX=0x000002abce323890, RCX=0x000002abe476ba50, RDX=0x00000000000000e1
RSP=0x000000ae785fe300, RBP=0x000000000000f000, RSI=0x0000000099ae5ce1, RDI=0x000002abe476ba50
R8 =0x00000000000000e1, R9 =0x000000ae785fe4c0, R10=0x00007ffe16c00000, R11=0x000000ae785fe370
R12=0x0000000000000000, R13=0x000002abe46f0d60, R14=0x00007ffe174666a0, R15=0x000002abc36d8fa8
RIP=0x00007ffe16edf2b4, EFLAGS=0x0000000000010202

Top of Stack: (sp=0x000000ae785fe300)
0x000000ae785fe300:   000002abce323890 0000000099ae5ce1
0x000000ae785fe310:   000002abce324600 000002abce324600
0x000000ae785fe320:   0000000000000000 0000000000000000
0x000000ae785fe330:   0000000000000000 0000000000000000
0x000000ae785fe340:   0000000000000000 000000ae785fe2f0
0x000000ae785fe350:   000002abce324600 0000000000000000
0x000000ae785fe360:   000002abce32a221 000002abce32a240
0x000000ae785fe370:   000002abce323890 00007ffe16edf14e
0x000000ae785fe380:   00007ffe1747acd8 000000ae785fe4c0
0x000000ae785fe390:   00007ffe1747acd8 000000ae785fe4c0
0x000000ae785fe3a0:   0000000000000000 0000000000001000
0x000000ae785fe3b0:   000002abce323890 00007ffe17203fd3
0x000000ae785fe3c0:   00007ffe1747acd8 000000ae785fe4c0
0x000000ae785fe3d0:   000000ae785fe4c0 00007ffe1747acd8
0x000000ae785fe3e0:   0000000000000000 000002abce323b54
0x000000ae785fe3f0:   000002abce3245f0 000002abce323890 

Instructions: (pc=0x00007ffe16edf2b4)
0x00007ffe16edf1b4:   0f 1f 40 00 0f 1f 84 00 00 00 00 00 48 8b 45 08
0x00007ffe16edf1c4:   49 8b 1c 06 48 85 db 74 19 0f 1f 00 48 8b 53 10
0x00007ffe16edf1d4:   48 8b cf e8 a4 00 00 00 48 8b 5b 08 48 83 e3 fe
0x00007ffe16edf1e4:   75 ea ff c6 49 83 c6 08 3b 75 00 7c cf 4c 8b 74
0x00007ffe16edf1f4:   24 50 48 8b 45 10 48 8b 74 24 48 48 89 47 10 48
0x00007ffe16edf204:   8b 45 18 4c 89 65 10 48 89 47 18 48 8b 45 20 4c
0x00007ffe16edf214:   89 65 18 48 89 47 20 4c 89 65 20 49 8b 1f 48 8b
0x00007ffe16edf224:   6c 24 40 66 0f 1f 84 00 00 00 00 00 4c 8b 05 21
0x00007ffe16edf234:   1c 7a 00 48 8d 15 1a 1c 7a 00 4c 89 43 78 48 8b
0x00007ffe16edf244:   cb 48 8b 05 6c 78 73 00 ff d0 48 3b 43 78 75 dc
0x00007ffe16edf254:   49 89 3f 49 8b 47 08 48 ff c0 49 89 47 08 48 8b
0x00007ffe16edf264:   5c 24 58 48 83 c4 20 41 5f 41 5c 5f c3 cc cc cc
0x00007ffe16edf274:   cc cc cc cc cc cc cc cc cc cc cc cc 48 89 5c 24
0x00007ffe16edf284:   08 48 89 74 24 10 57 48 83 ec 70 48 8b f2 48 8b
0x00007ffe16edf294:   da 48 c1 ee 07 48 8b f9 33 f2 33 d2 8b c6 f7 31
0x00007ffe16edf2a4:   48 8b 41 08 4c 63 c2 4a 8b 04 c0 48 85 c0 74 10
0x00007ffe16edf2b4:   48 39 58 10 74 66 48 8b 40 08 48 83 e0 fe 75 f0
0x00007ffe16edf2c4:   e8 e7 89 06 00 4c 8b c0 48 85 c0 0f 85 9b 00 00
0x00007ffe16edf2d4:   00 8b 05 a9 66 73 00 3d ff 00 00 00 75 17 e8 c9
0x00007ffe16edf2e4:   61 2e 00 89 05 97 66 73 00 8b 05 91 66 73 00 89
0x00007ffe16edf2f4:   05 8f 66 73 00 8b 05 85 66 73 00 83 f8 03 75 30
0x00007ffe16edf304:   0f b6 05 75 66 73 00 84 c0 74 25 41 b0 01 48 8d
0x00007ffe16edf314:   4c 24 48 33 d2 e8 72 fb 31 00 eb 3a 32 c0 4c 8d
0x00007ffe16edf324:   5c 24 70 49 8b 5b 10 49 8b 73 18 49 8b e3 5f c3
0x00007ffe16edf334:   e8 b7 b8 dd ff 0f 10 00 0f 11 44 24 20 0f 10 48
0x00007ffe16edf344:   10 0f 11 4c 24 30 f2 0f 10 40 20 48 8d 44 24 20
0x00007ffe16edf354:   f2 0f 11 44 24 40 48 63 4f 28 45 33 c9 4c 8b c0
0x00007ffe16edf364:   41 8d 51 05 e8 93 b5 dd ff 4c 8b c0 49 c7 40 08
0x00007ffe16edf374:   00 00 00 00 33 d2 41 89 30 8b c6 49 89 58 10 f7
0x00007ffe16edf384:   37 48 63 c2 48 8d 14 c5 00 00 00 00 48 8b 47 08
0x00007ffe16edf394:   48 8b 0c 02 49 89 48 08 48 8d 4f 38 48 8b 47 08
0x00007ffe16edf3a4:   4c 89 04 02 8b 47 2c ff c0 89 47 2c e8 bb 4f 42 


Stack slot to memory mapping:
stack at sp + 0 slots: 0x000002abce323890 is at entry_point+-3440 in (nmethod*)0x000002abce323890
stack at sp + 1 slots: 
[error occurred during error reporting (inspecting top of stack), id 0xc0000005, EXCEPTION_ACCESS_VIOLATION (0xc0000005) at pc=0x00007ffe16ee874f]


---------------  P R O C E S S  ---------------

Threads class SMR info:
_java_thread_list=0x000002abe443f990, length=10, elements={
0x000002abc57ba000, 0x000002abe41e0000, 0x000002abe41e3000, 0x000002abe41fb000,
0x000002abe41fe000, 0x000002abe41ff000, 0x000002abe420f000, 0x000002abe421a000,
0x000002abe4424800, 0x000002abe44fd000
}

Java Threads: ( => current thread )
  0x000002abc57ba000 JavaThread "main" [_thread_blocked, id=2540, stack(0x000000ae77900000,0x000000ae77a00000)]
  0x000002abe41e0000 JavaThread "Reference Handler" daemon [_thread_blocked, id=284, stack(0x000000ae78000000,0x000000ae78100000)]
  0x000002abe41e3000 JavaThread "Finalizer" daemon [_thread_blocked, id=4400, stack(0x000000ae78100000,0x000000ae78200000)]
  0x000002abe41fb000 JavaThread "Signal Dispatcher" daemon [_thread_blocked, id=2740, stack(0x000000ae78200000,0x000000ae78300000)]
  0x000002abe41fe000 JavaThread "Attach Listener" daemon [_thread_blocked, id=4284, stack(0x000000ae78300000,0x000000ae78400000)]
  0x000002abe41ff000 JavaThread "C2 CompilerThread0" daemon [_thread_blocked, id=2652, stack(0x000000ae78400000,0x000000ae78500000)]
=>0x000002abe420f000 JavaThread "C1 CompilerThread0" daemon [_thread_in_vm, id=6508, stack(0x000000ae78500000,0x000000ae78600000)]
  0x000002abe421a000 JavaThread "Sweeper thread" daemon [_thread_blocked, id=6164, stack(0x000000ae78600000,0x000000ae78700000)]
  0x000002abe4424800 JavaThread "Common-Cleaner" daemon [_thread_blocked, id=2464, stack(0x000000ae78700000,0x000000ae78800000)]
  0x000002abe44fd000 JavaThread "Service Thread" daemon [_thread_blocked, id=6344, stack(0x000000ae78800000,0x000000ae78900000)]

Other Threads:
  0x000002abc588e800 VMThread "VM Thread" [stack: 0x000000ae77f00000,0x000000ae78000000] [id=5080]
  0x000002abe447b000 WatcherThread [stack: 0x000000ae78900000,0x000000ae78a00000] [id=7040]
  0x000002abc57fd000 GCTaskThread "GC Thread#0" [stack: 0x000000ae77a00000,0x000000ae77b00000] [id=704]
  0x000002abe463e800 GCTaskThread "GC Thread#1" [stack: 0x000000ae78a00000,0x000000ae78b00000] [id=2996]
  0x000002abc580f000 ConcurrentGCThread "G1 Main Marker" [stack: 0x000000ae77b00000,0x000000ae77c00000] [id=4908]
  0x000002abc5810800 ConcurrentGCThread "G1 Conc#0" [stack: 0x000000ae77c00000,0x000000ae77d00000] [id=5580]
  0x000002abc5821800 ConcurrentGCThread "G1 Refine#0" [stack: 0x000000ae77d00000,0x000000ae77e00000] [id=6280]
  0x000002abc5828800 ConcurrentGCThread "G1 Young RemSet Sampling" [stack: 0x000000ae77e00000,0x000000ae77f00000] [id=2868]

Threads with active compile tasks:
C1 CompilerThread0      347  540       3       jdk.internal.org.objectweb.asm.Frame::execute (2305 bytes)

VM state:not at safepoint (normal execution)

VM Mutex/Monitor currently owned by a thread:  ([mutex/lock_event])
[0x000002abc57b56f0] CodeCache_lock - owner thread: 0x000002abe420f000
[0x000002abc57b7120] Compile_lock - owner thread: 0x000002abe420f000
[0x000002abc57b5bc0] MethodCompileQueue_lock - owner thread: 0x000002abe420f000

Heap address: 0x0000000080000000, size: 2048 MB, Compressed Oops mode: 32-bit
Narrow klass base: 0x0000000800000000, Narrow klass shift: 3
Compressed class space size: 1073741824 Address: 0x0000000800b40000

Heap:
 garbage-first heap   total 8192K, used 2070K [0x0000000080000000, 0x0000000100000000)
  region size 1024K, 2 young (2048K), 1 survivors (1024K)
 Metaspace       used 5713K, capacity 9468K, committed 9600K, reserved 1058816K
  class space    used 711K, capacity 1102K, committed 1152K, reserved 1048576K
Heap Regions: E=young(eden), S=young(survivor), O=old, HS=humongous(starts), HC=humongous(continues), CS=collection set, F=free, A=archive, TAMS=top-at-mark-start (previous, next)
|   0|0x0000000080000000, 0x0000000080100000, 0x0000000080100000|100%| O|  |TAMS 0x0000000080000000, 0x0000000080000000| Untracked 
|   1|0x0000000080100000, 0x000000008015e400, 0x0000000080200000| 36%| O|  |TAMS 0x0000000080100000, 0x0000000080100000| Untracked 
|   2|0x0000000080200000, 0x0000000080200000, 0x0000000080300000|  0%| F|  |TAMS 0x0000000080200000, 0x0000000080200000| Untracked 
|   3|0x0000000080300000, 0x0000000080300000, 0x0000000080400000|  0%| F|  |TAMS 0x0000000080300000, 0x0000000080300000| Untracked 
|   4|0x0000000080400000, 0x0000000080400000, 0x0000000080500000|  0%| F|  |TAMS 0x0000000080400000, 0x0000000080400000| Untracked 
|   5|0x0000000080500000, 0x00000000805a7730, 0x0000000080600000| 65%| S|CS|TAMS 0x0000000080500000, 0x0000000080500000| Complete 
|   6|0x0000000080600000, 0x0000000080600000, 0x0000000080700000|  0%| F|  |TAMS 0x0000000080600000, 0x0000000080600000| Untracked 
|   7|0x0000000080700000, 0x0000000080705c10, 0x0000000080800000|  2%| E|  |TAMS 0x0000000080700000, 0x0000000080700000| Complete 

Card table byte_map: [0x000002abdd0c0000,0x000002abdd4c0000] _byte_map_base: 0x000002abdccc0000

Marking Bits (Prev, Next): (CMBitMap*) 0x000002abc57fe1b8, (CMBitMap*) 0x000002abc57fe1f8
 Prev Bits: [0x000002abdd8c0000, 0x000002abdf8c0000)
 Next Bits: [0x000002abdf8c0000, 0x000002abe18c0000)

Polling page: 0x000002abc36a0000

Metaspace:

Usage:
  Non-class:      8.17 MB capacity,     4.88 MB ( 60%) used,     3.27 MB ( 40%) free+waste,    14.00 KB ( <1%) overhead. 
      Class:      1.08 MB capacity,   711.68 KB ( 65%) used,   382.70 KB ( 35%) free+waste,     7.63 KB ( <1%) overhead. 
       Both:      9.25 MB capacity,     5.58 MB ( 60%) used,     3.65 MB ( 39%) free+waste,    21.63 KB ( <1%) overhead. 

Virtual space:
  Non-class space:       10.00 MB reserved,       8.25 MB ( 83%) committed 
      Class space:        1.00 GB reserved,       1.13 MB ( <1%) committed 
             Both:        1.01 GB reserved,       9.38 MB ( <1%) committed 

Chunk freelists:
   Non-Class:  18.00 KB
       Class:  18.00 KB
        Both:  36.00 KB

MaxMetaspaceSize: 17179869184.00 GB
CompressedClassSpaceSize: 1.00 GB

CodeHeap 'non-profiled nmethods': size=120064Kb used=179Kb max_used=179Kb free=119884Kb
 bounds [0x000002abd5780000, 0x000002abd59f0000, 0x000002abdccc0000]
CodeHeap 'profiled nmethods': size=120000Kb used=882Kb max_used=882Kb free=119117Kb
 bounds [0x000002abce250000, 0x000002abce4c0000, 0x000002abd5780000]
CodeHeap 'non-nmethods': size=5696Kb used=1134Kb max_used=1147Kb free=4561Kb
 bounds [0x000002abcdcc0000, 0x000002abcdf30000, 0x000002abce250000]
 total_blobs=1290 nmethods=540 adapters=284
 compilation: enabled
              stopped_count=0, restarted_count=0
 full_count=0

Compilation events (20 events):
Event: 0.225 Thread 0x000002abe420f000 nmethod 528 0x000002abce31e890 code [0x000002abce31ea40, 0x000002abce31ed18]
Event: 0.225 Thread 0x000002abe420f000  530       3       com.sun.tools.javac.util.SharedNameTable$NameImpl::getByteArray (11 bytes)
Event: 0.225 Thread 0x000002abe420f000 nmethod 530 0x000002abce31ee90 code [0x000002abce31f040, 0x000002abce31f2d8]
Event: 0.225 Thread 0x000002abe420f000  529       3       com.sun.tools.javac.util.Assert::checkNonNull (9 bytes)
Event: 0.225 Thread 0x000002abe420f000 nmethod 529 0x000002abce31f390 code [0x000002abce31f540, 0x000002abce31f7f0]
Event: 0.225 Thread 0x000002abe420f000  531       1       com.sun.tools.javac.code.Symbol$PackageSymbol::getQualifiedName (5 bytes)
Event: 0.225 Thread 0x000002abe420f000 nmethod 531 0x000002abd57ab710 code [0x000002abd57ab8a0, 0x000002abd57ab9d8]
Event: 0.225 Thread 0x000002abe420f000  532       3       java.lang.StringLatin1::inflate (34 bytes)
Event: 0.225 Thread 0x000002abe420f000 nmethod 532 0x000002abce31f910 code [0x000002abce31fac0, 0x000002abce31fd18]
Event: 0.225 Thread 0x000002abe420f000  533       1       java.util.Collections$EmptyMap::get (2 bytes)
Event: 0.225 Thread 0x000002abe420f000 nmethod 533 0x000002abd57aba90 code [0x000002abd57abc20, 0x000002abd57abd58]
Event: 0.225 Thread 0x000002abe420f000  535       3       sun.invoke.util.VerifyAccess::isClassAccessible (182 bytes)
Event: 0.226 Thread 0x000002abe420f000 nmethod 535 0x000002abce31fe90 code [0x000002abce320240, 0x000002abce3219c0]
Event: 0.226 Thread 0x000002abe420f000  537       3       com.sun.tools.javac.util.Context::get (82 bytes)
Event: 0.227 Thread 0x000002abe420f000 nmethod 537 0x000002abce322090 code [0x000002abce322300, 0x000002abce322fe0]
Event: 0.227 Thread 0x000002abe420f000  536       3       sun.invoke.util.VerifyAccess::getClassModifiers (24 bytes)
Event: 0.227 Thread 0x000002abe420f000 nmethod 536 0x000002abce323310 code [0x000002abce3234e0, 0x000002abce323770]
Event: 0.229 Thread 0x000002abe41ff000  538       4       java.util.Arrays::copyOfRange (64 bytes)
Event: 0.230 Thread 0x000002abe41ff000 nmethod 538 0x000002abd57ac290 code [0x000002abd57ac420, 0x000002abd57ac6f8]
Event: 0.231 Thread 0x000002abe420f000  540       3       jdk.internal.org.objectweb.asm.Frame::execute (2305 bytes)

GC Heap History (6 events):
Event: 0.135 GC heap before
{Heap before GC invocations=0 (full 0):
 garbage-first heap   total 8192K, used 3072K [0x0000000080000000, 0x0000000100000000)
  region size 1024K, 3 young (3072K), 0 survivors (0K)
 Metaspace       used 2334K, capacity 6127K, committed 6400K, reserved 1056768K
  class space    used 285K, capacity 645K, committed 768K, reserved 1048576K
}
Event: 0.137 GC heap after
{Heap after GC invocations=1 (full 0):
 garbage-first heap   total 8192K, used 1439K [0x0000000080000000, 0x0000000100000000)
  region size 1024K, 1 young (1024K), 1 survivors (1024K)
 Metaspace       used 2334K, capacity 6127K, committed 6400K, reserved 1056768K
  class space    used 285K, capacity 645K, committed 768K, reserved 1048576K
}
Event: 0.194 GC heap before
{Heap before GC invocations=1 (full 0):
 garbage-first heap   total 8192K, used 2463K [0x0000000080000000, 0x0000000100000000)
  region size 1024K, 2 young (2048K), 1 survivors (1024K)
 Metaspace       used 4529K, capacity 8295K, committed 8448K, reserved 1056768K
  class space    used 579K, capacity 942K, committed 1024K, reserved 1048576K
}
Event: 0.196 GC heap after
{Heap after GC invocations=2 (full 0):
 garbage-first heap   total 8192K, used 1731K [0x0000000080000000, 0x0000000100000000)
  region size 1024K, 1 young (1024K), 1 survivors (1024K)
 Metaspace       used 4529K, capacity 8295K, committed 8448K, reserved 1056768K
  class space    used 579K, capacity 942K, committed 1024K, reserved 1048576K
}
Event: 0.232 GC heap before
{Heap before GC invocations=2 (full 0):
 garbage-first heap   total 8192K, used 2755K [0x0000000080000000, 0x0000000100000000)
  region size 1024K, 2 young (2048K), 1 survivors (1024K)
 Metaspace       used 5711K, capacity 9466K, committed 9600K, reserved 1058816K
  class space    used 711K, capacity 1101K, committed 1152K, reserved 1048576K
}
Event: 0.234 GC heap after
{Heap after GC invocations=3 (full 0):
 garbage-first heap   total 8192K, used 2070K [0x0000000080000000, 0x0000000100000000)
  region size 1024K, 1 young (1024K), 1 survivors (1024K)
 Metaspace       used 5711K, capacity 9466K, committed 9600K, reserved 1058816K
  class space    used 711K, capacity 1101K, committed 1152K, reserved 1048576K
}

Deoptimization events (8 events):
Event: 0.218 Thread 0x000002abc57ba000 Uncommon trap: trap_request=0xffffff45 fr.pc=0x000002abd57a527c relative=0x000000000000043c
Event: 0.218 Thread 0x000002abc57ba000 Uncommon trap: reason=unstable_if action=reinterpret pc=0x000002abd57a527c method=java.lang.StringLatin1.replace([BCC)Ljava/lang/String; @ 19 c2
Event: 0.218 Thread 0x000002abc57ba000 DEOPT PACKING pc=0x000002abd57a527c sp=0x000000ae779fd790
Event: 0.218 Thread 0x000002abc57ba000 DEOPT UNPACKING pc=0x000002abcdd0912f sp=0x000000ae779fd710 mode 2
Event: 0.221 Thread 0x000002abc57ba000 Uncommon trap: trap_request=0xffffff45 fr.pc=0x000002abd578ea80 relative=0x0000000000000800
Event: 0.221 Thread 0x000002abc57ba000 Uncommon trap: reason=unstable_if action=reinterpret pc=0x000002abd578ea80 method=java.util.HashMap.putVal(ILjava/lang/Object;Ljava/lang/Object;ZZ)Ljava/lang/Object; @ 181 c2
Event: 0.221 Thread 0x000002abc57ba000 DEOPT PACKING pc=0x000002abd578ea80 sp=0x000000ae779fe770
Event: 0.221 Thread 0x000002abc57ba000 DEOPT UNPACKING pc=0x000002abcdd0912f sp=0x000000ae779fe700 mode 2

Classes unloaded (0 events):
No events

Classes redefined (0 events):
No events

Internal exceptions (6 events):
Event: 0.116 Thread 0x000002abc57ba000 Exception <a 'java/lang/NoSuchMethodError'{0x000000008055c508}: 'int java.lang.invoke.DirectMethodHandle$Holder.invokeVirtual(java.lang.Object, java.lang.Object, java.lang.Object)'> (0x000000008055c508) 
thrown [t:/workspace/open/src/hotspot/share/interpreter/linkResolver.cpp, line 767]
Event: 0.170 Thread 0x000002abc57ba000 Exception <a 'java/lang/NoSuchMethodError'{0x00000000807a9640}: 'int java.lang.invoke.DirectMethodHandle$Holder.invokeStaticInit(java.lang.Object, java.lang.Object)'> (0x00000000807a9640) 
thrown [t:/workspace/open/src/hotspot/share/interpreter/linkResolver.cpp, line 767]
Event: 0.215 Thread 0x000002abc57ba000 Exception <a 'java/lang/NoSuchMethodError'{0x00000000807711b8}: 'int java.lang.invoke.DirectMethodHandle$Holder.invokeVirtual(java.lang.Object, java.lang.Object)'> (0x00000000807711b8) 
thrown [t:/workspace/open/src/hotspot/share/interpreter/linkResolver.cpp, line 767]
Event: 0.219 Thread 0x000002abc57ba000 Exception <a 'java/lang/NoSuchMethodError'{0x00000000807a0388}: 'java.lang.Object java.lang.invoke.Invokers$Holder.linkToTargetMethod(java.lang.Object, java.lang.Object, java.lang.Object, java.lang.Object, java.lang.Object, java.lang.Object)'> (0x00000000807a0388) 
thrown [t:/workspace/open/src/hotspot/share/interpreter/linkResolver.cpp, line 767]
Event: 0.231 Thread 0x000002abc57ba000 Exception <a 'java/lang/NoSuchMethodError'{0x00000000807f3d30}: 'java.lang.Object java.lang.invoke.DirectMethodHandle$Holder.invokeVirtual(java.lang.Object, java.lang.Object, java.lang.Object)'> (0x00000000807f3d30) 
thrown [t:/workspace/open/src/hotspot/share/interpreter/linkResolver.cpp, line 767]
Event: 0.232 Thread 0x000002abc57ba000 Exception <a 'java/lang/NoSuchMethodError'{0x00000000807fe4f0}: 'int java.lang.invoke.DirectMethodHandle$Holder.invokeInterface(java.lang.Object, java.lang.Object)'> (0x00000000807fe4f0) 
thrown [t:/workspace/open/src/hotspot/share/interpreter/linkResolver.cpp, line 767]

Events (20 events):
Event: 0.223 loading class com/sun/tools/javac/code/Symbol$ModuleSymbol
Event: 0.223 loading class com/sun/tools/javac/code/Symbol$ModuleSymbol done
Event: 0.223 loading class com/sun/tools/javac/code/Symbol$ModuleSymbol
Event: 0.223 loading class com/sun/tools/javac/code/Symbol$ModuleSymbol done
Event: 0.223 loading class com/sun/tools/javac/util/Name
Event: 0.223 loading class com/sun/tools/javac/util/Name done
Event: 0.223 loading class com/sun/tools/javac/util/Name
Event: 0.223 loading class com/sun/tools/javac/util/Name done
Event: 0.225 loading class com/sun/tools/javac/code/Symbol$Completer
Event: 0.225 loading class com/sun/tools/javac/code/Symbol$Completer done
Event: 0.225 loading class com/sun/tools/javac/code/Symbol
Event: 0.225 loading class com/sun/tools/javac/code/Symbol done
Event: 0.230 loading class com/sun/tools/javac/file/CacheFSInfo
Event: 0.230 loading class com/sun/tools/javac/file/CacheFSInfo done
Event: 0.231 loading class com/sun/tools/javac/file/CacheFSInfo
Event: 0.231 loading class com/sun/tools/javac/file/CacheFSInfo done
Event: 0.231 loading class sun/nio/fs/WindowsLinkSupport
Event: 0.232 loading class sun/nio/fs/WindowsLinkSupport done
Event: 0.232 Executing VM operation: G1CollectForAllocation
Event: 0.234 Executing VM operation: G1CollectForAllocation done


Dynamic libraries:
0x00007ff738ca0000 - 0x00007ff738ca7000 	C:\Program Files\Java\jdk-13.0.1\bin\javac.exe
0x00007ffe58600000 - 0x00007ffe587f0000 	C:\Windows\SYSTEM32\ntdll.dll
0x00007ffe582a0000 - 0x00007ffe58352000 	C:\Windows\System32\KERNEL32.DLL
0x00007ffe56240000 - 0x00007ffe564e3000 	C:\Windows\System32\KERNELBASE.dll
0x00007ffe55950000 - 0x00007ffe55a4a000 	C:\Windows\System32\ucrtbase.dll
0x00007ffe47630000 - 0x00007ffe47645000 	C:\Program Files\Java\jdk-13.0.1\bin\VCRUNTIME140.dll
0x00007ffe47610000 - 0x00007ffe47628000 	C:\Program Files\Java\jdk-13.0.1\bin\jli.dll
0x00007ffe580d0000 - 0x00007ffe58173000 	C:\Windows\System32\ADVAPI32.dll
0x00007ffe569f0000 - 0x00007ffe56a8e000 	C:\Windows\System32\msvcrt.dll
0x00007ffe57610000 - 0x00007ffe576a7000 	C:\Windows\System32\sechost.dll
0x00007ffe58180000 - 0x00007ffe582a0000 	C:\Windows\System32\RPCRT4.dll
0x00007ffe56720000 - 0x00007ffe568b3000 	C:\Windows\System32\USER32.dll
0x00007ffe564f0000 - 0x00007ffe56511000 	C:\Windows\System32\win32u.dll
0x00007ffe56c50000 - 0x00007ffe56c76000 	C:\Windows\System32\GDI32.dll
0x00007ffe55630000 - 0x00007ffe557c4000 	C:\Windows\System32\gdi32full.dll
0x00007ffe55590000 - 0x00007ffe5562e000 	C:\Windows\System32\msvcp_win.dll
0x00007ffe4a1b0000 - 0x00007ffe4a435000 	C:\Windows\WinSxS\amd64_microsoft.windows.common-controls_6595b64144ccf1df_6.0.18362.295_none_e6c3acbd13101292\COMCTL32.dll
0x00007ffe57900000 - 0x00007ffe57c36000 	C:\Windows\System32\combase.dll
0x00007ffe565d0000 - 0x00007ffe56650000 	C:\Windows\System32\bcryptPrimitives.dll
0x00007ffe51230000 - 0x00007ffe5123a000 	C:\Windows\SYSTEM32\VERSION.dll
0x00007ffe58570000 - 0x00007ffe5859e000 	C:\Windows\System32\IMM32.DLL
0x00007ffe47570000 - 0x00007ffe4760b000 	C:\Program Files\Java\jdk-13.0.1\bin\msvcp140.dll
0x00007ffe16c00000 - 0x00007ffe17766000 	C:\Program Files\Java\jdk-13.0.1\bin\server\jvm.dll
0x00007ffe580b0000 - 0x00007ffe580b8000 	C:\Windows\System32\PSAPI.DLL
0x00007ffe51e60000 - 0x00007ffe51e69000 	C:\Windows\SYSTEM32\WSOCK32.dll
0x00007ffe53440000 - 0x00007ffe53464000 	C:\Windows\SYSTEM32\WINMM.dll
0x00007ffe56e00000 - 0x00007ffe56e6f000 	C:\Windows\System32\WS2_32.dll
0x00007ffe53410000 - 0x00007ffe5343d000 	C:\Windows\SYSTEM32\WINMMBASE.dll
0x00007ffe55a70000 - 0x00007ffe55aba000 	C:\Windows\System32\cfgmgr32.dll
0x00007ffe55550000 - 0x00007ffe55561000 	C:\Windows\System32\kernel.appcore.dll
0x00007ffe4d420000 - 0x00007ffe4d430000 	C:\Program Files\Java\jdk-13.0.1\bin\verify.dll
0x00007ffe4adc0000 - 0x00007ffe4afb4000 	C:\Windows\SYSTEM32\DBGHELP.DLL
0x00007ffe4ad90000 - 0x00007ffe4adba000 	C:\Windows\SYSTEM32\dbgcore.DLL
0x00007ffe47540000 - 0x00007ffe47566000 	C:\Program Files\Java\jdk-13.0.1\bin\java.dll
0x00007ffe47520000 - 0x00007ffe47537000 	C:\Program Files\Java\jdk-13.0.1\bin\zip.dll
0x00007ffe4d2e0000 - 0x00007ffe4d2ea000 	C:\Program Files\Java\jdk-13.0.1\bin\jimage.dll
0x00007ffe56f20000 - 0x00007ffe57602000 	C:\Windows\System32\SHELL32.dll
0x00007ffe56e70000 - 0x00007ffe56f19000 	C:\Windows\System32\shcore.dll
0x00007ffe55ac0000 - 0x00007ffe5623c000 	C:\Windows\System32\windows.storage.dll
0x00007ffe55570000 - 0x00007ffe5558f000 	C:\Windows\System32\profapi.dll
0x00007ffe554e0000 - 0x00007ffe5552a000 	C:\Windows\System32\powrprof.dll
0x00007ffe554d0000 - 0x00007ffe554e0000 	C:\Windows\System32\UMPDC.dll
0x00007ffe58510000 - 0x00007ffe58562000 	C:\Windows\System32\shlwapi.dll
0x00007ffe55a50000 - 0x00007ffe55a67000 	C:\Windows\System32\cryptsp.dll
0x00007ffe47500000 - 0x00007ffe47519000 	C:\Program Files\Java\jdk-13.0.1\bin\net.dll
0x00007ffe4e2e0000 - 0x00007ffe4e3d0000 	C:\Windows\SYSTEM32\WINHTTP.dll
0x00007ffe54ce0000 - 0x00007ffe54d47000 	C:\Windows\system32\mswsock.dll
0x00007ffe474e0000 - 0x00007ffe474f3000 	C:\Program Files\Java\jdk-13.0.1\bin\nio.dll

dbghelp: loaded successfully - version: 4.0.5 - missing functions: none
symbol engine: initialized successfully - sym options: 0x614 - pdb path: .;C:\Program Files\Java\jdk-13.0.1\bin;C:\Windows\SYSTEM32;C:\Windows\WinSxS\amd64_microsoft.windows.common-controls_6595b64144ccf1df_6.0.18362.295_none_e6c3acbd13101292;C:\Program Files\Java\jdk-13.0.1\bin\server

VM Arguments:
jvm_args: -Dapplication.home=C:\Program Files\Java\jdk-13.0.1 --add-modules=ALL-DEFAULT -Xms8m -Djdk.module.main=jdk.compiler 
java_command: jdk.compiler/com.sun.tools.javac.Main .\Hello.java
java_class_path (initial): <not set>
Launcher Type: SUN_STANDARD

[Global flags]
     intx CICompilerCount                          = 2                                         {product} {ergonomic}
     uint ConcGCThreads                            = 1                                         {product} {ergonomic}
     uint G1ConcRefinementThreads                  = 2                                         {product} {ergonomic}
   size_t G1HeapRegionSize                         = 1048576                                   {product} {ergonomic}
    uintx GCDrainStackTargetSize                   = 64                                        {product} {ergonomic}
   size_t InitialHeapSize                          = 8388608                                   {product} {command line}
   size_t MarkStackSize                            = 4194304                                   {product} {ergonomic}
   size_t MaxHeapSize                              = 2147483648                                {product} {ergonomic}
   size_t MaxNewSize                               = 1287651328                                {product} {ergonomic}
   size_t MinHeapDeltaBytes                        = 1048576                                   {product} {ergonomic}
   size_t MinHeapSize                              = 8388608                                   {product} {command line}
    uintx NonNMethodCodeHeapSize                   = 5825164                                {pd product} {ergonomic}
    uintx NonProfiledCodeHeapSize                  = 122916538                              {pd product} {ergonomic}
    uintx ProfiledCodeHeapSize                     = 122916538                              {pd product} {ergonomic}
    uintx ReservedCodeCacheSize                    = 251658240                              {pd product} {ergonomic}
     bool SegmentedCodeCache                       = true                                      {product} {ergonomic}
   size_t SoftMaxHeapSize                          = 2147483648                             {manageable} {ergonomic}
     bool UseCompressedClassPointers               = true                                 {lp64_product} {ergonomic}
     bool UseCompressedOops                        = true                                 {lp64_product} {ergonomic}
     bool UseG1GC                                  = true                                      {product} {ergonomic}
     bool UseLargePagesIndividualAllocation        = false                                  {pd product} {ergonomic}

Logging:
Log output configuration:
 #0: stdout all=warning uptime,level,tags
 #1: stderr all=off uptime,level,tags

Environment Variables:
JAVA_HOME=C:\Program Files\Java\jdk-13.0.1
PATH=C:\Program Files\Python38\Scripts\;C:\Program Files\Python38\;C:\Windows\system32;C:\Windows;C:\Windows\System32\Wbem;C:\Windows\System32\WindowsPowerShell\v1.0\;C:\Windows\System32\OpenSSH\;C:\Program Files\PuTTY\;C:\Program Files\Git\cmd;C:\Program Files (x86)\Gpg4win\..\GnuPG\bin;C:\Users\lb\AppData\Local\Microsoft\WindowsApps;C:\Users\lb\AppData\Local\atom\bin;C:\cygwin64\bin;C:\Program Files\Java\jdk-13.0.1\bin;
USERNAME=lb
OS=Windows_NT
PROCESSOR_IDENTIFIER=Intel64 Family 6 Model 158 Stepping 10, GenuineIntel



---------------  S Y S T E M  ---------------

OS: Windows 10 , 64 bit Build 18362 (10.0.18362.86)

CPU:total 2 (initial active 2) (2 cores per cpu, 1 threads per core) family 6 model 158 stepping 10, cmov, cx8, fxsr, mmx, sse, sse2, sse3, ssse3, sse4.1, sse4.2, popcnt, avx, avx2, aes, clmul, 3dnowpref, lzcnt, tsc, tscinvbit

Memory: 4k page, system-wide physical 8191M (5052M free)
TotalPageFile size 10111M (AvailPageFile size 7016M)
current process WorkingSet (physical memory assigned to process): 48M, peak: 48M
current process commit charge ("private bytes"): 84M, peak: 84M

vm_info: Java HotSpot(TM) 64-Bit Server VM (13.0.1+9) for windows-amd64 JRE (13.0.1+9), built on Oct  6 2019 12:37:49 by "mach5one" with unknown MS VC++:1916

END.
